mode: atomic
superview/common/command-other.go:7.47,8.2 0 0
superview/common/common.go:31.44,33.2 1 1
superview/common/common.go:41.39,43.2 1 1
superview/common/common.go:51.39,53.2 1 1
superview/common/common.go:58.32,59.14 1 0
superview/common/common.go:59.14,61.3 1 0
superview/common/common.go:66.31,68.2 1 0
superview/common/common.go:139.39,140.25 1 10
superview/common/common.go:140.25,142.3 1 1
superview/common/common.go:144.2,146.45 2 9
superview/common/common.go:146.45,148.3 1 4
superview/common/common.go:150.2,150.31 1 5
superview/common/common.go:150.31,152.3 1 1
superview/common/common.go:154.2,154.28 1 4
superview/common/common.go:154.28,156.3 1 1
superview/common/common.go:158.2,158.24 1 3
superview/common/common.go:158.24,160.3 1 1
superview/common/common.go:162.2,162.12 1 2
superview/common/common.go:168.47,175.16 5 0
superview/common/common.go:175.16,177.3 1 0
superview/common/common.go:179.2,186.38 6 0
superview/common/common.go:186.38,187.29 1 0
superview/common/common.go:187.29,189.4 1 0
superview/common/common.go:193.2,197.41 5 0
superview/common/common.go:197.41,198.47 1 0
superview/common/common.go:198.47,201.52 2 0
superview/common/common.go:201.52,202.40 1 0
superview/common/common.go:202.40,204.11 2 0
superview/common/common.go:210.2,213.17 3 0
superview/common/common.go:217.49,219.2 1 0
superview/common/common.go:221.36,225.2 2 0
superview/common/common.go:230.34,234.27 3 0
superview/common/common.go:234.27,236.3 1 0
superview/common/common.go:238.2,239.16 2 0
superview/common/common.go:239.16,241.3 1 0
superview/common/common.go:243.2,250.12 3 0
superview/common/common.go:255.35,259.27 3 0
superview/common/common.go:259.27,261.3 1 0
superview/common/common.go:263.2,263.15 1 0
superview/common/common.go:263.15,265.3 1 0
superview/common/common.go:267.2,267.45 1 0
superview/common/common.go:270.57,274.27 3 0
superview/common/common.go:274.27,276.3 1 0
superview/common/common.go:278.2,278.62 1 0
superview/common/common.go:284.51,289.16 4 0
superview/common/common.go:289.16,291.3 1 0
superview/common/common.go:294.2,297.55 2 0
superview/common/common.go:297.55,299.3 1 0
superview/common/common.go:301.2,301.32 1 0
superview/common/common.go:301.32,303.3 1 0
superview/common/common.go:305.2,312.16 3 0
superview/common/common.go:312.16,314.3 1 0
superview/common/common.go:315.2,318.36 2 0
superview/common/common.go:318.36,320.3 1 0
superview/common/common.go:321.2,322.16 2 0
superview/common/common.go:322.16,324.3 1 0
superview/common/common.go:325.2,328.41 2 0
superview/common/common.go:328.41,330.3 1 0
superview/common/common.go:332.2,332.19 1 0
superview/common/common.go:339.57,341.41 1 0
superview/common/common.go:341.41,343.3 1 0
superview/common/common.go:345.2,347.13 2 0
superview/common/common.go:347.13,349.3 1 0
superview/common/common.go:349.8,351.3 1 0
superview/common/common.go:352.2,367.16 4 0
superview/common/common.go:367.16,369.3 1 0
superview/common/common.go:371.2,372.16 2 0
superview/common/common.go:372.16,374.3 1 0
superview/common/common.go:375.2,376.16 2 0
superview/common/common.go:376.16,379.3 2 0
superview/common/common.go:380.2,394.51 8 0
superview/common/common.go:394.51,396.3 1 0
superview/common/common.go:397.2,397.51 1 0
superview/common/common.go:397.51,399.3 1 0
superview/common/common.go:401.2,401.28 1 0
superview/common/common.go:401.28,407.31 3 0
superview/common/common.go:407.31,409.4 1 0
superview/common/common.go:410.3,410.31 1 0
superview/common/common.go:410.31,412.4 1 0
superview/common/common.go:414.3,414.29 1 0
superview/common/common.go:414.29,420.15 4 0
superview/common/common.go:420.15,425.15 3 0
superview/common/common.go:425.15,427.6 1 0
superview/common/common.go:429.5,429.62 1 0
superview/common/common.go:430.10,433.15 2 0
superview/common/common.go:433.15,435.6 1 0
superview/common/common.go:437.5,437.62 1 0
superview/common/common.go:440.4,443.28 3 0
superview/common/common.go:445.3,448.43 3 0
superview/common/common.go:448.43,450.4 1 0
superview/common/common.go:451.3,451.43 1 0
superview/common/common.go:451.43,453.4 1 0
superview/common/common.go:456.2,458.12 2 0
superview/common/common.go:465.73,466.18 1 14
superview/common/common.go:466.18,468.3 1 2
superview/common/common.go:469.2,469.44 1 12
superview/common/common.go:469.44,471.3 1 2
superview/common/common.go:472.2,472.44 1 10
superview/common/common.go:472.44,474.3 1 2
superview/common/common.go:475.2,475.12 1 8
superview/common/common.go:482.93,483.29 1 5
superview/common/common.go:483.29,485.3 1 1
superview/common/common.go:487.2,489.17 2 4
superview/common/common.go:489.17,491.62 2 3
superview/common/common.go:491.62,492.20 1 5
superview/common/common.go:492.20,495.10 3 2
superview/common/common.go:498.3,498.13 1 3
superview/common/common.go:498.13,500.4 1 1
superview/common/common.go:503.2,503.19 1 3
superview/common/common.go:503.19,505.3 1 0
superview/common/common.go:507.2,507.21 1 3
superview/common/common.go:514.111,517.16 2 0
superview/common/common.go:517.16,519.3 1 0
superview/common/common.go:522.2,527.16 5 0
superview/common/common.go:527.16,529.3 1 0
superview/common/common.go:531.2,532.16 2 0
superview/common/common.go:532.16,534.3 1 0
superview/common/common.go:537.2,539.12 3 0
superview/common/common.go:539.12,543.3 3 0
superview/common/common.go:546.2,546.6 1 0
superview/common/common.go:546.6,549.20 2 0
superview/common/common.go:549.20,551.9 2 0
superview/common/common.go:554.3,554.51 1 0
superview/common/common.go:554.51,557.18 3 0
superview/common/common.go:557.18,563.13 2 0
superview/common/common.go:565.4,565.73 1 0
superview/common/common.go:569.2,569.35 1 0
superview/common/common.go:569.35,571.3 1 0
superview/common/common.go:573.2,573.12 1 0
superview/common/common.go:576.22,578.2 1 0
superview/common/common.go:586.105,589.52 1 0
superview/common/common.go:589.52,591.3 1 0
superview/common/common.go:594.2,594.54 1 0
superview/common/common.go:594.54,596.3 1 0
superview/common/common.go:599.2,600.16 2 0
superview/common/common.go:600.16,602.3 1 0
superview/common/common.go:605.2,607.16 3 0
superview/common/common.go:607.16,609.3 1 0
superview/common/common.go:612.2,614.37 3 0
superview/common/common.go:614.37,616.3 1 0
superview/common/common.go:617.2,617.18 1 0
superview/common/common.go:617.18,619.3 1 0
superview/common/common.go:622.2,623.81 2 0
superview/common/common.go:623.81,625.3 1 0
superview/common/common.go:628.2,629.16 2 0
superview/common/common.go:629.16,631.3 1 0
superview/common/common.go:634.2,634.46 1 0
superview/common/common.go:634.46,636.3 1 0
superview/common/common.go:637.2,640.60 2 0
superview/common/common.go:640.60,642.3 1 0
superview/common/common.go:645.2,645.40 1 0
superview/common/common.go:645.40,647.3 1 0
superview/common/common.go:649.2,649.87 1 0
superview/common/common.go:649.87,651.3 1 0
superview/common/common.go:653.2,659.12 2 0
superview/common/config.go:51.26,53.2 1 2
superview/common/config.go:57.29,58.16 1 4
superview/common/config.go:58.16,65.3 2 3
superview/common/config.go:72.51,79.20 3 6
superview/common/config.go:79.20,81.17 2 4
superview/common/config.go:81.17,82.26 1 1
superview/common/config.go:82.26,86.5 1 1
superview/common/config.go:86.10,88.5 1 0
superview/common/config.go:89.9,90.55 1 3
superview/common/config.go:90.55,92.5 1 0
superview/common/config.go:93.4,95.5 1 3
superview/common/config.go:100.2,100.72 1 6
superview/common/config.go:100.72,102.17 2 2
superview/common/config.go:102.17,106.4 1 0
superview/common/config.go:106.9,108.4 1 2
superview/common/config.go:111.2,111.72 1 6
superview/common/config.go:111.72,113.17 2 1
superview/common/config.go:113.17,117.4 1 0
superview/common/config.go:117.9,119.4 1 1
superview/common/config.go:122.2,122.66 1 6
superview/common/config.go:122.66,124.3 1 2
superview/common/config.go:126.2,126.72 1 6
superview/common/config.go:126.72,128.3 1 0
superview/common/config.go:130.2,130.71 1 6
superview/common/config.go:130.71,132.3 1 0
superview/common/config.go:134.2,134.20 1 6
superview/common/config.go:140.49,142.16 2 1
superview/common/config.go:142.16,144.3 1 0
superview/common/config.go:147.2,153.68 3 1
superview/common/config.go:153.68,155.3 1 0
superview/common/config.go:157.2,160.12 2 1
superview/common/config.go:164.34,175.2 8 1
superview/common/security.go:18.46,19.20 1 11
superview/common/security.go:19.20,21.3 1 1
superview/common/security.go:24.2,24.38 1 10
superview/common/security.go:24.38,26.3 1 6
superview/common/security.go:29.2,32.32 2 4
superview/common/security.go:32.32,34.3 1 1
superview/common/security.go:37.2,38.16 2 3
superview/common/security.go:38.16,40.3 1 1
superview/common/security.go:43.2,43.18 1 2
superview/common/security.go:43.18,45.3 1 1
superview/common/security.go:49.2,50.16 2 1
superview/common/security.go:50.16,52.3 1 0
superview/common/security.go:55.2,55.42 1 1
superview/common/security.go:55.42,57.3 1 1
superview/common/security.go:59.2,59.12 1 0
superview/common/security.go:69.47,70.20 1 5
superview/common/security.go:70.20,72.3 1 1
superview/common/security.go:75.2,75.38 1 4
superview/common/security.go:75.38,77.3 1 0
superview/common/security.go:80.2,83.32 2 4
superview/common/security.go:83.32,85.3 1 1
superview/common/security.go:88.2,90.16 3 3
superview/common/security.go:90.16,92.3 1 1
superview/common/security.go:94.2,94.22 1 2
superview/common/security.go:94.22,96.3 1 0
superview/common/security.go:100.2,101.63 2 2
superview/common/security.go:101.63,103.3 1 1
superview/common/security.go:104.2,106.12 2 1
superview/common/security.go:112.85,113.19 1 5
superview/common/security.go:113.19,115.3 1 1
superview/common/security.go:118.2,119.44 2 4
superview/common/security.go:119.44,121.26 2 11
superview/common/security.go:121.26,123.4 1 2
superview/common/security.go:126.2,126.67 1 2
superview/common/security.go:131.47,133.51 1 0
superview/common/security.go:133.51,135.3 1 0
superview/common/security.go:139.2,140.16 2 0
superview/common/security.go:140.16,142.3 1 0
superview/common/security.go:145.2,145.41 1 0
superview/common/security.go:145.41,147.3 1 0
superview/common/security.go:149.2,149.12 1 0
